<?xml version="1.0" encoding="UTF-8"?>
<Site BuildName="Win32-mingw32-make"
	BuildStamp="20260205-1755-Experimental"
	Name="IronDome"
	Generator="ctest-4.2.1"
	CompilerName="C:/mingw64/bin/g++.exe"
	CompilerVersion="15.2.0"
	OSName="Windows"
	Hostname="IronDome"
	OSRelease="10.0.26200"
	OSVersion="Windows 10"
	OSPlatform="AMD64"
	Is64Bits="1"
	VendorString="AuthenticAMD"
	VendorID="Advanced Micro Devices"
	FamilyID="15"
	ModelID="1"
	ModelName="AMD Ryzen 7 5700X 8-Core Processor"
	ProcessorCacheSize="64"
	NumberOfLogicalCPU="16"
	NumberOfPhysicalCPU="8"
	TotalVirtualMemory="34759"
	TotalPhysicalMemory="32711"
	LogicalProcessorsPerPhysical="2"
	ProcessorClockFrequency="3401"
	>
	<Testing>
		<StartDateTime>Feb 05 10:57 Pacific Standard Time</StartDateTime>
		<StartTestTime>1770317858</StartTestTime>
		<TestList/>
		<EndDateTime>Feb 05 10:57 Pacific Standard Time</EndDateTime>
		<EndTestTime>1770317858</EndTestTime>
		<ElapsedMinutes>0</ElapsedMinutes>
	</Testing>
</Site>
